<?xml version="1.0" encoding="utf-8"?><testsuites name="pytest tests"><testsuite name="pytest" errors="0" failures="0" skipped="4" tests="44" time="0.726" timestamp="2026-09-21T12:20:21.549428+05:30" hostname="ai-mesh-firewall.asia-south1-c.c.ai-mesh-firewall.internal"><testcase classname="tests.gates.test_check_capacity" name="test_lgw03_4_max_connections_outside_runtime_fails" time="0.002" /><testcase classname="tests.gates.test_check_capacity" name="test_semaphore_literal_fails" time="0.001" /><testcase classname="tests.gates.test_check_capacity" name="test_resources_module_is_allowed" time="0.018" /><testcase classname="tests.gates.test_check_capacity" name="test_shipped_tree_has_no_capacity_literals" time="0.017" /><testcase classname="tests.gates.test_check_http" name="test_http_exception_in_detect_fails_naming_file" time="0.001" /><testcase classname="tests.gates.test_check_http" name="test_json_response_in_admit_fails" time="0.001" /><testcase classname="tests.gates.test_check_http" name="test_status_code_4xx_in_plan_fails" time="0.001" /><testcase classname="tests.gates.test_check_http" name="test_http_in_edge_and_resolve_is_allowed" time="0.001" /><testcase classname="tests.gates.test_check_mutable" name="test_module_dict_rejected" time="0.000" /><testcase classname="tests.gates.test_check_mutable" name="test_module_list_and_set_rejected" time="0.000" /><testcase classname="tests.gates.test_check_mutable" name="test_tuple_all_and_none_allowed" time="0.000" /><testcase classname="tests.gates.test_check_mutable" name="test_function_local_mutables_allowed" time="0.000" /><testcase classname="tests.gates.test_check_sizes" name="test_limits_match_runbook" time="0.000" /><testcase classname="tests.gates.test_check_sizes" name="test_130_line_function_fails_with_file_and_line" time="0.001" /><testcase classname="tests.gates.test_check_sizes" name="test_850_line_module_fails_with_file" time="0.001" /><testcase classname="tests.gates.test_check_sizes" name="test_empty_module_passes" time="0.000" /><testcase classname="tests.gates.test_compare_junit" name="test_compare_junit_identical" time="0.001" /><testcase classname="tests.gates.test_compare_junit" name="test_compare_junit_drift" time="0.000" /><testcase classname="tests.gates.test_empty_tree_passes" name="test_shipped_tree_within_size_limits" time="0.013" /><testcase classname="tests.gates.test_empty_tree_passes" name="test_shipped_tree_has_no_http_outside_edge_resolve" time="0.018" /><testcase classname="tests.gates.test_empty_tree_passes" name="test_shipped_tree_has_no_module_mutable_state" time="0.008" /><testcase classname="tests.gates.test_empty_tree_passes" name="test_shipped_tree_has_no_capacity_literals" time="0.017" /><testcase classname="tests.gates.test_import_linter" name="test_empty_layers_pass_import_linter" time="0.113" /><testcase classname="tests.gates.test_import_linter" name="test_lgw00_3_upward_import_fails_naming_contract" time="0.117" /><testcase classname="tests.gates.test_secret_headers" name="test_extensionless_openssh_header_is_a_hit" time="0.001" /><testcase classname="tests.gates.test_secret_headers" name="test_forbidden_filename_is_always_a_hit" time="0.000" /><testcase classname="tests.gates.test_secret_headers" name="test_lgw00_1_allowlist_is_empty" time="0.000" /><testcase classname="tests.gates.test_secret_headers" name="test_header_mention_in_python_source_is_not_a_key_file" time="0.000" /><testcase classname="tests.runtime.test_lgw03_gates" name="test_lgw03_1_four_cpu_points_differ" time="0.000" /><testcase classname="tests.runtime.test_lgw03_gates" name="test_lgw03_2_halve_memory_buffers_and_queue_fall" time="0.000" /><testcase classname="tests.runtime.test_lgw03_gates" name="test_lgw03_3_lower_fd_connection_budget_falls" time="0.000" /><testcase classname="tests.runtime.test_lgw03_gates" name="test_lgw03_6_web_concurrency_logged_as_deviation" time="0.000" /><testcase classname="tests.runtime.test_lgw03_gates" name="test_refuse_start_when_workers_below_one" time="0.000" /><testcase classname="tests.runtime.test_lgw03_gates" name="test_guard_pool_unset_not_guessed" time="0.000" /><testcase classname="tests.runtime.test_lgw03_gates" name="test_lgw03_5_sighup_resizes_without_drop" time="0.000" /><testcase classname="tests.runtime.test_lgw03_gates" name="test_inflight_soft_shrink" time="0.050" /><testcase classname="tests.runtime.test_lgw03_gates" name="test_cgroup_v2_cpu_max_injectable" time="0.001" /><testcase classname="tests.runtime.test_lgw03_live_docker" name="test_lgw03_1_live_cpus" time="0.000"><skipped type="pytest.skip" message="set AMF_LIVE_DOCKER=1 to rebuild the v2 image and run --cpus proofs">/home/contact_cyberultron_com/AI_Mesh_Firewall/gateway_v2/tests/runtime/test_lgw03_live_docker.py:58: set AMF_LIVE_DOCKER=1 to rebuild the v2 image and run --cpus proofs</skipped></testcase><testcase classname="tests.runtime.test_lgw03_live_docker" name="test_lgw03_2_live_memory" time="0.000"><skipped type="pytest.skip" message="set AMF_LIVE_DOCKER=1 to rebuild the v2 image and run --cpus proofs">/home/contact_cyberultron_com/AI_Mesh_Firewall/gateway_v2/tests/runtime/test_lgw03_live_docker.py:70: set AMF_LIVE_DOCKER=1 to rebuild the v2 image and run --cpus proofs</skipped></testcase><testcase classname="tests.runtime.test_lgw03_live_docker" name="test_lgw03_3_live_fd" time="0.000"><skipped type="pytest.skip" message="set AMF_LIVE_DOCKER=1 to rebuild the v2 image and run --cpus proofs">/home/contact_cyberultron_com/AI_Mesh_Firewall/gateway_v2/tests/runtime/test_lgw03_live_docker.py:79: set AMF_LIVE_DOCKER=1 to rebuild the v2 image and run --cpus proofs</skipped></testcase><testcase classname="tests.runtime.test_lgw03_live_docker" name="test_lgw03_5_live_sighup" time="0.000"><skipped type="pytest.skip" message="set AMF_LIVE_DOCKER=1 to rebuild the v2 image and run --cpus proofs">/home/contact_cyberultron_com/AI_Mesh_Firewall/gateway_v2/tests/runtime/test_lgw03_live_docker.py:86: set AMF_LIVE_DOCKER=1 to rebuild the v2 image and run --cpus proofs</skipped></testcase><testcase classname="tests.runtime.test_v1_entrypoint_deviation" name="test_v1_entrypoint_logs_override_and_detected" time="0.297" /><testcase classname="tests.test_package_imports" name="test_edge_app_is_unset" time="0.001" /><testcase classname="tests.test_package_imports" name="test_detect_base_exports_empty" time="0.000" /></testsuite></testsuites>